<?xml version="1.0" encoding="UTF-8"?>
<!-- Generated by org.testng.reporters.JUnitXMLReporter -->
<testsuite hostname="W7x64IE10" name="Order Of Tasks In Queue" tests="1" failures="1" timestamp="14 Sep 2015 06:41:08 GMT" time="125.478" errors="0">
  <testcase name="orderOfTasksInQueue" time="115.947" classname="com.Test02">
    <failure type="org.openqa.selenium.ElementNotVisibleException" message="---------- WebElement [[InternetExplorerDriver: internet explorer on WINDOWS (7d9576a9-7f22-42ba-928b-c042acbc3574)] -&amp;gt; xpath: //div[@id=&amp;apos;tsid-arrow&amp;apos;]] still isn&amp;apos;t visible
Build info: version: &amp;apos;2.45.0&amp;apos;, revision: &amp;apos;5017cb8e7ca8e37638dc3091b2440b90a1d8686f&amp;apos;, time: &amp;apos;2015-02-27 09:10:26&amp;apos;
System info: host: &amp;apos;W7x64IE10&amp;apos;, ip: &amp;apos;10.20.3.79&amp;apos;, os.name: &amp;apos;Windows 7&amp;apos;, os.arch: &amp;apos;amd64&amp;apos;, os.version: &amp;apos;6.1&amp;apos;, java.version: &amp;apos;1.8.0_45&amp;apos;
Driver info: driver.version: unknown">
      <![CDATA[org.openqa.selenium.ElementNotVisibleException: ---------- WebElement [[InternetExplorerDriver: internet explorer on WINDOWS (7d9576a9-7f22-42ba-928b-c042acbc3574)] -> xpath: //div[@id='tsid-arrow']] still isn't visible
Build info: version: '2.45.0', revision: '5017cb8e7ca8e37638dc3091b2440b90a1d8686f', time: '2015-02-27 09:10:26'
System info: host: 'W7x64IE10', ip: '10.20.3.79', os.name: 'Windows 7', os.arch: 'amd64', os.version: '6.1', java.version: '1.8.0_45'
Driver info: driver.version: unknown
	at com.pages.AbstractPage.waitForElementVisible(AbstractPage.java:178)
	at com.pages.AbstractPage.selectApp(AbstractPage.java:562)
	at com.Test02.orderOfTasksInQueue(Test02.java:93)
... Removed 27 stack frames]]>
    </failure>
  </testcase> <!-- orderOfTasksInQueue -->
</testsuite> <!-- Order Of Tasks In Queue -->
